{"C:\\code\\JS\\vuejs\\table-form-example\\src\\components\\InputText.vue": {"path":"C:\\code\\JS\\vuejs\\table-form-example\\src\\components\\InputText.vue","statementMap":{"0":{"start":{"line":25,"column":0},"end":{"line":25,"column":null}},"1":{"start":{"line":26,"column":0},"end":{"line":26,"column":null}},"2":{"start":{"line":81,"column":0},"end":{"line":83,"column":null}},"3":{"start":{"line":82,"column":0},"end":{"line":82,"column":null}},"4":{"start":{"line":86,"column":0},"end":{"line":86,"column":null}},"5":{"start":{"line":93,"column":0},"end":{"line":93,"column":null}},"6":{"start":{"line":94,"column":0},"end":{"line":94,"column":null}}},"fnMap":{"0":{"name":"(anonymous_1)","decl":{"start":{"line":80,"column":0},"end":{"line":80,"column":null}},"loc":{"start":{"line":80,"column":0},"end":{"line":84,"column":null}}},"1":{"name":"(anonymous_2)","decl":{"start":{"line":81,"column":0},"end":{"line":81,"column":null}},"loc":{"start":{"line":81,"column":0},"end":{"line":83,"column":null}}},"2":{"name":"(anonymous_3)","decl":{"start":{"line":85,"column":0},"end":{"line":85,"column":null}},"loc":{"start":{"line":85,"column":0},"end":{"line":90,"column":null}}},"3":{"name":"(anonymous_4)","decl":{"start":{"line":92,"column":0},"end":{"line":92,"column":null}},"loc":{"start":{"line":92,"column":0},"end":{"line":95,"column":null}}}},"branchMap":{},"s":{"0":1,"1":1,"2":2,"3":2,"4":2,"5":0,"6":0},"f":{"0":2,"1":2,"2":2,"3":0},"b":{}}
,"C:\\code\\JS\\vuejs\\table-form-example\\src\\styles\\colours.css": {"path":"C:\\code\\JS\\vuejs\\table-form-example\\src\\styles\\colours.css","statementMap":{"0":{"start":{"line":1,"column":0},"end":{"line":1,"column":19}}},"fnMap":{},"branchMap":{},"s":{"0":1},"f":{},"b":{},"_coverageSchema":"43e27e138ebf9cfc5966b082cf9a028302ed4184","hash":"d98f6178977500f586c7ae2e8eaf6d247551bcd7"}
,"C:\\code\\JS\\vuejs\\table-form-example\\src\\styles\\custom.css": {"path":"C:\\code\\JS\\vuejs\\table-form-example\\src\\styles\\custom.css","statementMap":{"0":{"start":{"line":1,"column":0},"end":{"line":1,"column":19}}},"fnMap":{},"branchMap":{},"s":{"0":1},"f":{},"b":{},"_coverageSchema":"43e27e138ebf9cfc5966b082cf9a028302ed4184","hash":"a2285938408b617c245352c0bf076513363eeb73"}
,"C:\\code\\JS\\vuejs\\table-form-example\\src\\utils\\helpers.js": {"path":"C:\\code\\JS\\vuejs\\table-form-example\\src\\utils\\helpers.js","statementMap":{"0":{"start":{"line":8,"column":29},"end":{"line":15,"column":1}},"1":{"start":{"line":10,"column":2},"end":{"line":10,"column":53}},"2":{"start":{"line":10,"column":40},"end":{"line":10,"column":53}},"3":{"start":{"line":12,"column":2},"end":{"line":12,"column":44}},"4":{"start":{"line":12,"column":31},"end":{"line":12,"column":44}},"5":{"start":{"line":14,"column":2},"end":{"line":14,"column":73}},"6":{"start":{"line":24,"column":27},"end":{"line":29,"column":1}},"7":{"start":{"line":25,"column":2},"end":{"line":25,"column":28}},"8":{"start":{"line":25,"column":16},"end":{"line":25,"column":28}},"9":{"start":{"line":26,"column":2},"end":{"line":26,"column":36}},"10":{"start":{"line":26,"column":24},"end":{"line":26,"column":36}},"11":{"start":{"line":27,"column":2},"end":{"line":27,"column":25}},"12":{"start":{"line":27,"column":13},"end":{"line":27,"column":25}},"13":{"start":{"line":28,"column":2},"end":{"line":28,"column":48}},"14":{"start":{"line":39,"column":29},"end":{"line":53,"column":1}},"15":{"start":{"line":45,"column":2},"end":{"line":45,"column":37}},"16":{"start":{"line":45,"column":25},"end":{"line":45,"column":37}},"17":{"start":{"line":46,"column":2},"end":{"line":46,"column":47}},"18":{"start":{"line":46,"column":35},"end":{"line":46,"column":47}},"19":{"start":{"line":47,"column":2},"end":{"line":47,"column":53}},"20":{"start":{"line":47,"column":41},"end":{"line":47,"column":53}},"21":{"start":{"line":48,"column":2},"end":{"line":48,"column":73}},"22":{"start":{"line":48,"column":27},"end":{"line":48,"column":73}},"23":{"start":{"line":49,"column":20},"end":{"line":49,"column":52}},"24":{"start":{"line":50,"column":19},"end":{"line":50,"column":61}},"25":{"start":{"line":51,"column":2},"end":{"line":51,"column":65}},"26":{"start":{"line":52,"column":2},"end":{"line":52,"column":32}},"27":{"start":{"line":61,"column":27},"end":{"line":67,"column":1}},"28":{"start":{"line":62,"column":2},"end":{"line":62,"column":57}},"29":{"start":{"line":62,"column":44},"end":{"line":62,"column":57}},"30":{"start":{"line":63,"column":23},"end":{"line":63,"column":34}},"31":{"start":{"line":64,"column":21},"end":{"line":64,"column":40}},"32":{"start":{"line":65,"column":2},"end":{"line":65,"column":35}},"33":{"start":{"line":65,"column":22},"end":{"line":65,"column":35}},"34":{"start":{"line":66,"column":2},"end":{"line":66,"column":35}},"35":{"start":{"line":73,"column":33},"end":{"line":80,"column":1}},"36":{"start":{"line":74,"column":18},"end":{"line":74,"column":37}},"37":{"start":{"line":75,"column":2},"end":{"line":75,"column":45}},"38":{"start":{"line":75,"column":31},"end":{"line":75,"column":45}},"39":{"start":{"line":76,"column":2},"end":{"line":76,"column":52}},"40":{"start":{"line":76,"column":35},"end":{"line":76,"column":52}},"41":{"start":{"line":77,"column":2},"end":{"line":77,"column":47}},"42":{"start":{"line":77,"column":35},"end":{"line":77,"column":47}},"43":{"start":{"line":78,"column":2},"end":{"line":78,"column":50}},"44":{"start":{"line":78,"column":34},"end":{"line":78,"column":50}},"45":{"start":{"line":79,"column":2},"end":{"line":79,"column":14}},"46":{"start":{"line":86,"column":38},"end":{"line":90,"column":1}},"47":{"start":{"line":87,"column":18},"end":{"line":87,"column":37}},"48":{"start":{"line":88,"column":2},"end":{"line":88,"column":28}},"49":{"start":{"line":88,"column":16},"end":{"line":88,"column":28}},"50":{"start":{"line":89,"column":2},"end":{"line":89,"column":33}},"51":{"start":{"line":97,"column":39},"end":{"line":110,"column":1}},"52":{"start":{"line":99,"column":2},"end":{"line":99,"column":53}},"53":{"start":{"line":99,"column":41},"end":{"line":99,"column":53}},"54":{"start":{"line":101,"column":2},"end":{"line":108,"column":3}},"55":{"start":{"line":103,"column":4},"end":{"line":107,"column":5}},"56":{"start":{"line":104,"column":6},"end":{"line":104,"column":56}},"57":{"start":{"line":106,"column":6},"end":{"line":106,"column":18}},"58":{"start":{"line":109,"column":2},"end":{"line":109,"column":14}},"59":{"start":{"line":118,"column":38},"end":{"line":132,"column":1}},"60":{"start":{"line":120,"column":2},"end":{"line":120,"column":53}},"61":{"start":{"line":120,"column":41},"end":{"line":120,"column":53}},"62":{"start":{"line":122,"column":2},"end":{"line":124,"column":3}},"63":{"start":{"line":123,"column":4},"end":{"line":123,"column":17}},"64":{"start":{"line":127,"column":2},"end":{"line":127,"column":65}},"65":{"start":{"line":127,"column":52},"end":{"line":127,"column":65}},"66":{"start":{"line":128,"column":2},"end":{"line":128,"column":60}},"67":{"start":{"line":130,"column":24},"end":{"line":130,"column":57}},"68":{"start":{"line":131,"column":2},"end":{"line":131,"column":32}},"69":{"start":{"line":138,"column":43},"end":{"line":142,"column":1}},"70":{"start":{"line":139,"column":19},"end":{"line":139,"column":54}},"71":{"start":{"line":140,"column":2},"end":{"line":140,"column":32}},"72":{"start":{"line":140,"column":16},"end":{"line":140,"column":32}},"73":{"start":{"line":141,"column":2},"end":{"line":141,"column":14}}},"fnMap":{"0":{"name":"(anonymous_0)","decl":{"start":{"line":8,"column":29},"end":{"line":8,"column":30}},"loc":{"start":{"line":8,"column":75},"end":{"line":15,"column":1}},"line":8},"1":{"name":"(anonymous_1)","decl":{"start":{"line":24,"column":27},"end":{"line":24,"column":28}},"loc":{"start":{"line":24,"column":63},"end":{"line":29,"column":1}},"line":24},"2":{"name":"(anonymous_2)","decl":{"start":{"line":39,"column":29},"end":{"line":39,"column":30}},"loc":{"start":{"line":44,"column":5},"end":{"line":53,"column":1}},"line":44},"3":{"name":"(anonymous_3)","decl":{"start":{"line":61,"column":27},"end":{"line":61,"column":28}},"loc":{"start":{"line":61,"column":53},"end":{"line":67,"column":1}},"line":61},"4":{"name":"(anonymous_4)","decl":{"start":{"line":73,"column":33},"end":{"line":73,"column":34}},"loc":{"start":{"line":73,"column":39},"end":{"line":80,"column":1}},"line":73},"5":{"name":"(anonymous_5)","decl":{"start":{"line":86,"column":38},"end":{"line":86,"column":39}},"loc":{"start":{"line":86,"column":44},"end":{"line":90,"column":1}},"line":86},"6":{"name":"(anonymous_6)","decl":{"start":{"line":97,"column":39},"end":{"line":97,"column":40}},"loc":{"start":{"line":97,"column":53},"end":{"line":110,"column":1}},"line":97},"7":{"name":"(anonymous_7)","decl":{"start":{"line":118,"column":38},"end":{"line":118,"column":39}},"loc":{"start":{"line":118,"column":63},"end":{"line":132,"column":1}},"line":118},"8":{"name":"(anonymous_8)","decl":{"start":{"line":138,"column":43},"end":{"line":138,"column":44}},"loc":{"start":{"line":138,"column":49},"end":{"line":142,"column":1}},"line":138}},"branchMap":{"0":{"loc":{"start":{"line":8,"column":35},"end":{"line":8,"column":48}},"type":"default-arg","locations":[{"start":{"line":8,"column":47},"end":{"line":8,"column":48}}],"line":8},"1":{"loc":{"start":{"line":8,"column":50},"end":{"line":8,"column":70}},"type":"default-arg","locations":[{"start":{"line":8,"column":62},"end":{"line":8,"column":70}}],"line":8},"2":{"loc":{"start":{"line":10,"column":2},"end":{"line":10,"column":53}},"type":"if","locations":[{"start":{"line":10,"column":2},"end":{"line":10,"column":53}},{"start":{"line":10,"column":2},"end":{"line":10,"column":53}}],"line":10},"3":{"loc":{"start":{"line":10,"column":6},"end":{"line":10,"column":38}},"type":"binary-expr","locations":[{"start":{"line":10,"column":6},"end":{"line":10,"column":17}},{"start":{"line":10,"column":21},"end":{"line":10,"column":38}}],"line":10},"4":{"loc":{"start":{"line":12,"column":2},"end":{"line":12,"column":44}},"type":"if","locations":[{"start":{"line":12,"column":2},"end":{"line":12,"column":44}},{"start":{"line":12,"column":2},"end":{"line":12,"column":44}}],"line":12},"5":{"loc":{"start":{"line":14,"column":10},"end":{"line":14,"column":71}},"type":"binary-expr","locations":[{"start":{"line":14,"column":10},"end":{"line":14,"column":13}},{"start":{"line":14,"column":18},"end":{"line":14,"column":41}},{"start":{"line":14,"column":47},"end":{"line":14,"column":70}}],"line":14},"6":{"loc":{"start":{"line":25,"column":2},"end":{"line":25,"column":28}},"type":"if","locations":[{"start":{"line":25,"column":2},"end":{"line":25,"column":28}},{"start":{"line":25,"column":2},"end":{"line":25,"column":28}}],"line":25},"7":{"loc":{"start":{"line":26,"column":2},"end":{"line":26,"column":36}},"type":"if","locations":[{"start":{"line":26,"column":2},"end":{"line":26,"column":36}},{"start":{"line":26,"column":2},"end":{"line":26,"column":36}}],"line":26},"8":{"loc":{"start":{"line":27,"column":2},"end":{"line":27,"column":25}},"type":"if","locations":[{"start":{"line":27,"column":2},"end":{"line":27,"column":25}},{"start":{"line":27,"column":2},"end":{"line":27,"column":25}}],"line":27},"9":{"loc":{"start":{"line":43,"column":2},"end":{"line":43,"column":19}},"type":"default-arg","locations":[{"start":{"line":43,"column":18},"end":{"line":43,"column":19}}],"line":43},"10":{"loc":{"start":{"line":45,"column":2},"end":{"line":45,"column":37}},"type":"if","locations":[{"start":{"line":45,"column":2},"end":{"line":45,"column":37}},{"start":{"line":45,"column":2},"end":{"line":45,"column":37}}],"line":45},"11":{"loc":{"start":{"line":46,"column":2},"end":{"line":46,"column":47}},"type":"if","locations":[{"start":{"line":46,"column":2},"end":{"line":46,"column":47}},{"start":{"line":46,"column":2},"end":{"line":46,"column":47}}],"line":46},"12":{"loc":{"start":{"line":47,"column":2},"end":{"line":47,"column":53}},"type":"if","locations":[{"start":{"line":47,"column":2},"end":{"line":47,"column":53}},{"start":{"line":47,"column":2},"end":{"line":47,"column":53}}],"line":47},"13":{"loc":{"start":{"line":48,"column":2},"end":{"line":48,"column":73}},"type":"if","locations":[{"start":{"line":48,"column":2},"end":{"line":48,"column":73}},{"start":{"line":48,"column":2},"end":{"line":48,"column":73}}],"line":48},"14":{"loc":{"start":{"line":61,"column":34},"end":{"line":61,"column":48}},"type":"default-arg","locations":[{"start":{"line":61,"column":46},"end":{"line":61,"column":48}}],"line":61},"15":{"loc":{"start":{"line":62,"column":2},"end":{"line":62,"column":57}},"type":"if","locations":[{"start":{"line":62,"column":2},"end":{"line":62,"column":57}},{"start":{"line":62,"column":2},"end":{"line":62,"column":57}}],"line":62},"16":{"loc":{"start":{"line":65,"column":2},"end":{"line":65,"column":35}},"type":"if","locations":[{"start":{"line":65,"column":2},"end":{"line":65,"column":35}},{"start":{"line":65,"column":2},"end":{"line":65,"column":35}}],"line":65},"17":{"loc":{"start":{"line":75,"column":2},"end":{"line":75,"column":45}},"type":"if","locations":[{"start":{"line":75,"column":2},"end":{"line":75,"column":45}},{"start":{"line":75,"column":2},"end":{"line":75,"column":45}}],"line":75},"18":{"loc":{"start":{"line":76,"column":2},"end":{"line":76,"column":52}},"type":"if","locations":[{"start":{"line":76,"column":2},"end":{"line":76,"column":52}},{"start":{"line":76,"column":2},"end":{"line":76,"column":52}}],"line":76},"19":{"loc":{"start":{"line":77,"column":2},"end":{"line":77,"column":47}},"type":"if","locations":[{"start":{"line":77,"column":2},"end":{"line":77,"column":47}},{"start":{"line":77,"column":2},"end":{"line":77,"column":47}}],"line":77},"20":{"loc":{"start":{"line":78,"column":2},"end":{"line":78,"column":50}},"type":"if","locations":[{"start":{"line":78,"column":2},"end":{"line":78,"column":50}},{"start":{"line":78,"column":2},"end":{"line":78,"column":50}}],"line":78},"21":{"loc":{"start":{"line":88,"column":2},"end":{"line":88,"column":28}},"type":"if","locations":[{"start":{"line":88,"column":2},"end":{"line":88,"column":28}},{"start":{"line":88,"column":2},"end":{"line":88,"column":28}}],"line":88},"22":{"loc":{"start":{"line":99,"column":2},"end":{"line":99,"column":53}},"type":"if","locations":[{"start":{"line":99,"column":2},"end":{"line":99,"column":53}},{"start":{"line":99,"column":2},"end":{"line":99,"column":53}}],"line":99},"23":{"loc":{"start":{"line":101,"column":2},"end":{"line":108,"column":3}},"type":"if","locations":[{"start":{"line":101,"column":2},"end":{"line":108,"column":3}},{"start":{"line":101,"column":2},"end":{"line":108,"column":3}}],"line":101},"24":{"loc":{"start":{"line":120,"column":2},"end":{"line":120,"column":53}},"type":"if","locations":[{"start":{"line":120,"column":2},"end":{"line":120,"column":53}},{"start":{"line":120,"column":2},"end":{"line":120,"column":53}}],"line":120},"25":{"loc":{"start":{"line":122,"column":2},"end":{"line":124,"column":3}},"type":"if","locations":[{"start":{"line":122,"column":2},"end":{"line":124,"column":3}},{"start":{"line":122,"column":2},"end":{"line":124,"column":3}}],"line":122},"26":{"loc":{"start":{"line":122,"column":6},"end":{"line":122,"column":54}},"type":"binary-expr","locations":[{"start":{"line":122,"column":7},"end":{"line":122,"column":26}},{"start":{"line":122,"column":32},"end":{"line":122,"column":53}}],"line":122},"27":{"loc":{"start":{"line":127,"column":2},"end":{"line":127,"column":65}},"type":"if","locations":[{"start":{"line":127,"column":2},"end":{"line":127,"column":65}},{"start":{"line":127,"column":2},"end":{"line":127,"column":65}}],"line":127},"28":{"loc":{"start":{"line":127,"column":6},"end":{"line":127,"column":50}},"type":"binary-expr","locations":[{"start":{"line":127,"column":6},"end":{"line":127,"column":23}},{"start":{"line":127,"column":27},"end":{"line":127,"column":50}}],"line":127},"29":{"loc":{"start":{"line":140,"column":2},"end":{"line":140,"column":32}},"type":"if","locations":[{"start":{"line":140,"column":2},"end":{"line":140,"column":32}},{"start":{"line":140,"column":2},"end":{"line":140,"column":32}}],"line":140}},"s":{"0":1,"1":27,"2":4,"3":23,"4":4,"5":19,"6":1,"7":8,"8":2,"9":6,"10":1,"11":5,"12":1,"13":4,"14":1,"15":6,"16":1,"17":5,"18":1,"19":4,"20":1,"21":3,"22":1,"23":2,"24":2,"25":2,"26":2,"27":1,"28":6,"29":2,"30":4,"31":4,"32":4,"33":1,"34":3,"35":1,"36":0,"37":0,"38":0,"39":0,"40":0,"41":0,"42":0,"43":0,"44":0,"45":0,"46":1,"47":0,"48":0,"49":0,"50":0,"51":1,"52":10,"53":3,"54":7,"55":5,"56":5,"57":0,"58":2,"59":1,"60":5,"61":0,"62":5,"63":1,"64":4,"65":0,"66":4,"67":4,"68":4,"69":1,"70":1,"71":1,"72":0,"73":1},"f":{"0":27,"1":8,"2":6,"3":6,"4":0,"5":0,"6":10,"7":5,"8":1},"b":{"0":[15],"1":[15],"2":[4,23],"3":[27,23],"4":[4,19],"5":[19,17,17],"6":[2,6],"7":[1,5],"8":[1,4],"9":[0],"10":[1,5],"11":[1,4],"12":[1,3],"13":[1,2],"14":[1],"15":[2,4],"16":[1,3],"17":[0,0],"18":[0,0],"19":[0,0],"20":[0,0],"21":[0,0],"22":[3,7],"23":[5,2],"24":[0,5],"25":[1,4],"26":[5,4],"27":[0,4],"28":[4,4],"29":[0,1]},"_coverageSchema":"43e27e138ebf9cfc5966b082cf9a028302ed4184","hash":"f6c34c7c05ce70ec958da79334617c3c07d8deef"}
}
