TN:
SF:C:\code\JS\vuejs\table-form-example\src\components\InputText.vue
FN:80,(anonymous_1)
FN:81,(anonymous_2)
FN:85,(anonymous_3)
FN:92,(anonymous_4)
FNF:4
FNH:3
FNDA:2,(anonymous_1)
FNDA:2,(anonymous_2)
FNDA:2,(anonymous_3)
FNDA:0,(anonymous_4)
DA:25,1
DA:26,1
DA:81,2
DA:82,2
DA:86,2
DA:93,0
DA:94,0
LF:7
LH:5
BRF:0
BRH:0
end_of_record
TN:
SF:C:\code\JS\vuejs\table-form-example\src\styles\colours.css
FNF:0
FNH:0
DA:1,1
LF:1
LH:1
BRF:0
BRH:0
end_of_record
TN:
SF:C:\code\JS\vuejs\table-form-example\src\styles\custom.css
FNF:0
FNH:0
DA:1,1
LF:1
LH:1
BRF:0
BRH:0
end_of_record
TN:
SF:C:\code\JS\vuejs\table-form-example\src\utils\helpers.js
FN:8,(anonymous_0)
FN:24,(anonymous_1)
FN:39,(anonymous_2)
FN:61,(anonymous_3)
FN:73,(anonymous_4)
FN:86,(anonymous_5)
FN:97,(anonymous_6)
FN:118,(anonymous_7)
FN:138,(anonymous_8)
FNF:9
FNH:7
FNDA:27,(anonymous_0)
FNDA:8,(anonymous_1)
FNDA:6,(anonymous_2)
FNDA:6,(anonymous_3)
FNDA:0,(anonymous_4)
FNDA:0,(anonymous_5)
FNDA:10,(anonymous_6)
FNDA:5,(anonymous_7)
FNDA:1,(anonymous_8)
DA:8,1
DA:10,27
DA:12,23
DA:14,19
DA:24,1
DA:25,8
DA:26,6
DA:27,5
DA:28,4
DA:39,1
DA:45,6
DA:46,5
DA:47,4
DA:48,3
DA:49,2
DA:50,2
DA:51,2
DA:52,2
DA:61,1
DA:62,6
DA:63,4
DA:64,4
DA:65,4
DA:66,3
DA:73,1
DA:74,0
DA:75,0
DA:76,0
DA:77,0
DA:78,0
DA:79,0
DA:86,1
DA:87,0
DA:88,0
DA:89,0
DA:97,1
DA:99,10
DA:101,7
DA:103,5
DA:104,5
DA:106,0
DA:109,2
DA:118,1
DA:120,5
DA:122,5
DA:123,1
DA:127,4
DA:128,4
DA:130,4
DA:131,4
DA:138,1
DA:139,1
DA:140,1
DA:141,1
LF:54
LH:44
BRDA:8,0,0,15
BRDA:8,1,0,15
BRDA:10,2,0,4
BRDA:10,2,1,23
BRDA:10,3,0,27
BRDA:10,3,1,23
BRDA:12,4,0,4
BRDA:12,4,1,19
BRDA:14,5,0,19
BRDA:14,5,1,17
BRDA:14,5,2,17
BRDA:25,6,0,2
BRDA:25,6,1,6
BRDA:26,7,0,1
BRDA:26,7,1,5
BRDA:27,8,0,1
BRDA:27,8,1,4
BRDA:43,9,0,0
BRDA:45,10,0,1
BRDA:45,10,1,5
BRDA:46,11,0,1
BRDA:46,11,1,4
BRDA:47,12,0,1
BRDA:47,12,1,3
BRDA:48,13,0,1
BRDA:48,13,1,2
BRDA:61,14,0,1
BRDA:62,15,0,2
BRDA:62,15,1,4
BRDA:65,16,0,1
BRDA:65,16,1,3
BRDA:75,17,0,0
BRDA:75,17,1,0
BRDA:76,18,0,0
BRDA:76,18,1,0
BRDA:77,19,0,0
BRDA:77,19,1,0
BRDA:78,20,0,0
BRDA:78,20,1,0
BRDA:88,21,0,0
BRDA:88,21,1,0
BRDA:99,22,0,3
BRDA:99,22,1,7
BRDA:101,23,0,5
BRDA:101,23,1,2
BRDA:120,24,0,0
BRDA:120,24,1,5
BRDA:122,25,0,1
BRDA:122,25,1,4
BRDA:122,26,0,5
BRDA:122,26,1,4
BRDA:127,27,0,0
BRDA:127,27,1,4
BRDA:127,28,0,4
BRDA:127,28,1,4
BRDA:140,29,0,0
BRDA:140,29,1,1
BRF:57
BRH:43
end_of_record
